Build started 8/12/2015 3:02:59 PM.
     1>Project "C:\Users\wordm\Documents\GitHub\octoduino\platformio.vcxproj" on node 2 (Build target(s)).
     1>Build:
         platformio --force run
         [08/12/15 15:03:17] Processing arduino_uno (platform: atmelavr, board: uno, framework: arduino)
         
         
         
         Installing toolchain-atmelavr package:
         
         Downloading
         
         Downloading
         
         Unpacking
         
         Unpacking
         
         Installing tool-avrdude package:
         
         Downloading
         
         Downloading
         
         Unpacking
         
         Unpacking
         
         Installing framework-arduinoavr package:
         
         Downloading
         
         Downloading
         
         Unpacking
         
         Unpacking
         
         Installing tool-micronucleus package:
         
         Downloading
         
         Downloading
         
         Unpacking
         
         Unpacking
         
         The platform 'atmelavr' has been successfully installed!
         
         avr-g++ -o .pioenvs\arduino_uno\src\core.o -c -fno-exceptions -fno-threadsafe-statics -g -Os -Wall -ffunction-sections -fdata-sections -MMD -mmcu=atmega328p -DF_CPU=16000000L -DARDUINO_ARCH_AVR -DARDUINO_AVR_UNO -DARDUINO=10605 -DPLATFORMIO=020202 -I.pioenvs\arduino_uno\FrameworkArduino -I.pioenvs\arduino_uno\FrameworkArduinoVariant -I.pioenvs\arduino_uno\SD -I.pioenvs\arduino_uno\SD\utility -I.pioenvs\arduino_uno\SPI -I.pioenvs\arduino_uno\LiquidCrystal src\core.cpp
         
         avr-g++ -o .pioenvs\arduino_uno\src\output.o -c -fno-exceptions -fno-threadsafe-statics -g -Os -Wall -ffunction-sections -fdata-sections -MMD -mmcu=atmega328p -DF_CPU=16000000L -DARDUINO_ARCH_AVR -DARDUINO_AVR_UNO -DARDUINO=10605 -DPLATFORMIO=020202 -I.pioenvs\arduino_uno\FrameworkArduino -I.pioenvs\arduino_uno\FrameworkArduinoVariant -I.pioenvs\arduino_uno\SD -I.pioenvs\arduino_uno\SD\utility -I.pioenvs\arduino_uno\SPI -I.pioenvs\arduino_uno\LiquidCrystal src\output.cpp
         
         src\output.cpp:16:7: error: redefinition of 'class Output'
         
         class Output
         
         ^
         
         In file included from src\output.cpp:11:0:
         
         src\output.h:11:9: error: previous definition of 'class Output'
         
         class Output
         
         ^
         
         src\output.cpp:56:7: error: redefinition of 'class ch_Serial'
         
         class ch_Serial
         
         ^
         
         In file included from src\output.cpp:11:0:
         
         src\output.h:17:9: error: previous definition of 'class ch_Serial'
         
         class ch_Serial
         
         ^
         
         scons: *** [.pioenvs\arduino_uno\src\output.o] Error 1
         
          [ ERROR ] Took 472.53 seconds 
         
         
         
         [08/12/15 15:11:10] Processing arduino_ethernet (platform: atmelavr, board: ethernet, framework: arduino)
         
         
         
         avr-g++ -o .pioenvs\arduino_ethernet\src\core.o -c -fno-exceptions -fno-threadsafe-statics -g -Os -Wall -ffunction-sections -fdata-sections -MMD -mmcu=atmega328p -DF_CPU=16000000L -DARDUINO_ARCH_AVR -DARDUINO_AVR_ETHERNET -DARDUINO=10605 -DPLATFORMIO=020202 -I.pioenvs\arduino_ethernet\FrameworkArduino -I.pioenvs\arduino_ethernet\FrameworkArduinoVariant -I.pioenvs\arduino_ethernet\SD -I.pioenvs\arduino_ethernet\SD\utility -I.pioenvs\arduino_ethernet\SPI -I.pioenvs\arduino_ethernet\LiquidCrystal src\core.cpp
         
         avr-g++ -o .pioenvs\arduino_ethernet\src\output.o -c -fno-exceptions -fno-threadsafe-statics -g -Os -Wall -ffunction-sections -fdata-sections -MMD -mmcu=atmega328p -DF_CPU=16000000L -DARDUINO_ARCH_AVR -DARDUINO_AVR_ETHERNET -DARDUINO=10605 -DPLATFORMIO=020202 -I.pioenvs\arduino_ethernet\FrameworkArduino -I.pioenvs\arduino_ethernet\FrameworkArduinoVariant -I.pioenvs\arduino_ethernet\SD -I.pioenvs\arduino_ethernet\SD\utility -I.pioenvs\arduino_ethernet\SPI -I.pioenvs\arduino_ethernet\LiquidCrystal src\output.cpp
         
         src\output.cpp:16:7: error: redefinition of 'class Output'
         
         class Output
         
         ^
         
         In file included from src\output.cpp:11:0:
         
         src\output.h:11:9: error: previous definition of 'class Output'
         
         class Output
         
         ^
         
         src\output.cpp:56:7: error: redefinition of 'class ch_Serial'
         
         class ch_Serial
         
         ^
         
         In file included from src\output.cpp:11:0:
         
         src\output.h:17:9: error: previous definition of 'class ch_Serial'
         
         class ch_Serial
         
         ^
         
         scons: *** [.pioenvs\arduino_ethernet\src\output.o] Error 1
         
          [ ERROR ] Took 2.11 seconds 
         
         
         
         [08/12/15 15:11:12] Processing arduino_leonardo (platform: atmelavr, board: leonardo, framework: arduino)
         
         
         
         avr-g++ -o .pioenvs\arduino_leonardo\src\core.o -c -fno-exceptions -fno-threadsafe-statics -g -Os -Wall -ffunction-sections -fdata-sections -MMD -mmcu=atmega32u4 -DF_CPU=16000000L -DARDUINO_ARCH_AVR -DARDUINO_AVR_LEONARDO -DUSB_VID=0x2341 -DUSB_PID=0x8036 "-DUSB_PRODUCT=\"Arduino Leonardo\"" -DARDUINO=10605 -DPLATFORMIO=020202 -I.pioenvs\arduino_leonardo\FrameworkArduino -I.pioenvs\arduino_leonardo\FrameworkArduinoVariant -I.pioenvs\arduino_leonardo\SD -I.pioenvs\arduino_leonardo\SD\utility -I.pioenvs\arduino_leonardo\SPI -I.pioenvs\arduino_leonardo\LiquidCrystal src\core.cpp
         
         avr-g++ -o .pioenvs\arduino_leonardo\src\output.o -c -fno-exceptions -fno-threadsafe-statics -g -Os -Wall -ffunction-sections -fdata-sections -MMD -mmcu=atmega32u4 -DF_CPU=16000000L -DARDUINO_ARCH_AVR -DARDUINO_AVR_LEONARDO -DUSB_VID=0x2341 -DUSB_PID=0x8036 "-DUSB_PRODUCT=\"Arduino Leonardo\"" -DARDUINO=10605 -DPLATFORMIO=020202 -I.pioenvs\arduino_leonardo\FrameworkArduino -I.pioenvs\arduino_leonardo\FrameworkArduinoVariant -I.pioenvs\arduino_leonardo\SD -I.pioenvs\arduino_leonardo\SD\utility -I.pioenvs\arduino_leonardo\SPI -I.pioenvs\arduino_leonardo\LiquidCrystal src\output.cpp
         
         src\output.cpp:16:7: error: redefinition of 'class Output'
         
         class Output
         
         ^
         
         In file included from src\output.cpp:11:0:
         
         src\output.h:11:9: error: previous definition of 'class Output'
         
         class Output
         
         ^
         
         src\output.cpp:56:7: error: redefinition of 'class ch_Serial'
         
         class ch_Serial
         
         ^
         
         In file included from src\output.cpp:11:0:
         
         src\output.h:17:9: error: previous definition of 'class ch_Serial'
         
         class ch_Serial
         
         ^
         
         scons: *** [.pioenvs\arduino_leonardo\src\output.o] Error 1
         
          [ ERROR ] Took 2.15 seconds 
         
         
         
         [08/12/15 15:11:14] Processing arduino_pro16MHzatmega328 (platform: atmelavr, board: pro16MHzatmega328, framework: arduino)
         
         
         
         avr-g++ -o .pioenvs\arduino_pro16MHzatmega328\src\core.o -c -fno-exceptions -fno-threadsafe-statics -g -Os -Wall -ffunction-sections -fdata-sections -MMD -mmcu=atmega328p -DF_CPU=16000000L -DARDUINO_ARCH_AVR -DARDUINO_AVR_PRO -DARDUINO=10605 -DPLATFORMIO=020202 -I.pioenvs\arduino_pro16MHzatmega328\FrameworkArduino -I.pioenvs\arduino_pro16MHzatmega328\FrameworkArduinoVariant -I.pioenvs\arduino_pro16MHzatmega328\SD -I.pioenvs\arduino_pro16MHzatmega328\SD\utility -I.pioenvs\arduino_pro16MHzatmega328\SPI -I.pioenvs\arduino_pro16MHzatmega328\LiquidCrystal src\core.cpp
         
         avr-g++ -o .pioenvs\arduino_pro16MHzatmega328\src\output.o -c -fno-exceptions -fno-threadsafe-statics -g -Os -Wall -ffunction-sections -fdata-sections -MMD -mmcu=atmega328p -DF_CPU=16000000L -DARDUINO_ARCH_AVR -DARDUINO_AVR_PRO -DARDUINO=10605 -DPLATFORMIO=020202 -I.pioenvs\arduino_pro16MHzatmega328\FrameworkArduino -I.pioenvs\arduino_pro16MHzatmega328\FrameworkArduinoVariant -I.pioenvs\arduino_pro16MHzatmega328\SD -I.pioenvs\arduino_pro16MHzatmega328\SD\utility -I.pioenvs\arduino_pro16MHzatmega328\SPI -I.pioenvs\arduino_pro16MHzatmega328\LiquidCrystal src\output.cpp
         
         src\output.cpp:16:7: error: redefinition of 'class Output'
         
         class Output
         
         ^
         
         In file included from src\output.cpp:11:0:
         
         src\output.h:11:9: error: previous definition of 'class Output'
         
         class Output
         
         ^
         
         src\output.cpp:56:7: error: redefinition of 'class ch_Serial'
         
         class ch_Serial
         
         ^
         
         In file included from src\output.cpp:11:0:
         
         src\output.h:17:9: error: previous definition of 'class ch_Serial'
         
         class ch_Serial
         
         ^
         
         scons: *** [.pioenvs\arduino_pro16MHzatmega328\src\output.o] Error 1
         
          [ ERROR ] Took 11.37 seconds 
         
         
         
         [08/12/15 15:11:26] Processing arduino_megaatmega1280 (platform: atmelavr, board: megaatmega1280, framework: arduino)
         
         
         
         avr-g++ -o .pioenvs\arduino_megaatmega1280\src\core.o -c -fno-exceptions -fno-threadsafe-statics -g -Os -Wall -ffunction-sections -fdata-sections -MMD -mmcu=atmega1280 -DF_CPU=16000000L -DARDUINO_ARCH_AVR -DARDUINO_AVR_MEGA -DARDUINO=10605 -DPLATFORMIO=020202 -I.pioenvs\arduino_megaatmega1280\FrameworkArduino -I.pioenvs\arduino_megaatmega1280\FrameworkArduinoVariant -I.pioenvs\arduino_megaatmega1280\SD -I.pioenvs\arduino_megaatmega1280\SD\utility -I.pioenvs\arduino_megaatmega1280\SPI -I.pioenvs\arduino_megaatmega1280\LiquidCrystal src\core.cpp
         
         avr-g++ -o .pioenvs\arduino_megaatmega1280\src\output.o -c -fno-exceptions -fno-threadsafe-statics -g -Os -Wall -ffunction-sections -fdata-sections -MMD -mmcu=atmega1280 -DF_CPU=16000000L -DARDUINO_ARCH_AVR -DARDUINO_AVR_MEGA -DARDUINO=10605 -DPLATFORMIO=020202 -I.pioenvs\arduino_megaatmega1280\FrameworkArduino -I.pioenvs\arduino_megaatmega1280\FrameworkArduinoVariant -I.pioenvs\arduino_megaatmega1280\SD -I.pioenvs\arduino_megaatmega1280\SD\utility -I.pioenvs\arduino_megaatmega1280\SPI -I.pioenvs\arduino_megaatmega1280\LiquidCrystal src\output.cpp
         
         src\output.cpp:16:7: error: redefinition of 'class Output'
         
         class Output
         
         ^
         
         In file included from src\output.cpp:11:0:
         
         src\output.h:11:9: error: previous definition of 'class Output'
         
         class Output
         
         ^
         
         src\output.cpp:56:7: error: redefinition of 'class ch_Serial'
         
         class ch_Serial
         
         ^
         
         In file included from src\output.cpp:11:0:
         
         src\output.h:17:9: error: previous definition of 'class ch_Serial'
         
         class ch_Serial
         
         ^
         
         scons: *** [.pioenvs\arduino_megaatmega1280\src\output.o] Error 1
         
          [ ERROR ] Took 5.76 seconds 
         
         
         
         [08/12/15 15:11:31] Processing arduino_micro (platform: atmelavr, board: micro, framework: arduino)
         
         
         
         avr-g++ -o .pioenvs\arduino_micro\src\core.o -c -fno-exceptions -fno-threadsafe-statics -g -Os -Wall -ffunction-sections -fdata-sections -MMD -mmcu=atmega32u4 -DF_CPU=16000000L -DARDUINO_ARCH_AVR -DARDUINO_AVR_MICRO -DUSB_VID=0x2341 -DUSB_PID=0x8037 "-DUSB_PRODUCT=\"Arduino Micro\"" -DARDUINO=10605 -DPLATFORMIO=020202 -I.pioenvs\arduino_micro\FrameworkArduino -I.pioenvs\arduino_micro\FrameworkArduinoVariant -I.pioenvs\arduino_micro\SD -I.pioenvs\arduino_micro\SD\utility -I.pioenvs\arduino_micro\SPI -I.pioenvs\arduino_micro\LiquidCrystal src\core.cpp
         
         avr-g++ -o .pioenvs\arduino_micro\src\output.o -c -fno-exceptions -fno-threadsafe-statics -g -Os -Wall -ffunction-sections -fdata-sections -MMD -mmcu=atmega32u4 -DF_CPU=16000000L -DARDUINO_ARCH_AVR -DARDUINO_AVR_MICRO -DUSB_VID=0x2341 -DUSB_PID=0x8037 "-DUSB_PRODUCT=\"Arduino Micro\"" -DARDUINO=10605 -DPLATFORMIO=020202 -I.pioenvs\arduino_micro\FrameworkArduino -I.pioenvs\arduino_micro\FrameworkArduinoVariant -I.pioenvs\arduino_micro\SD -I.pioenvs\arduino_micro\SD\utility -I.pioenvs\arduino_micro\SPI -I.pioenvs\arduino_micro\LiquidCrystal src\output.cpp
         
         src\output.cpp:16:7: error: redefinition of 'class Output'
         
         class Output
         
         ^
         
         In file included from src\output.cpp:11:0:
         
         src\output.h:11:9: error: previous definition of 'class Output'
         
         class Output
         
         ^
         
         src\output.cpp:56:7: error: redefinition of 'class ch_Serial'
         
         class ch_Serial
         
         ^
         
         In file included from src\output.cpp:11:0:
         
         src\output.h:17:9: error: previous definition of 'class ch_Serial'
         
         class ch_Serial
         
         ^
         
         scons: *** [.pioenvs\arduino_micro\src\output.o] Error 1
         
          [ ERROR ] Took 5.30 seconds 
         
         
         
         [08/12/15 15:11:37] Processing arduino_yun (platform: atmelavr, board: yun, framework: arduino)
         
         
         
         avr-g++ -o .pioenvs\arduino_yun\src\core.o -c -fno-exceptions -fno-threadsafe-statics -g -Os -Wall -ffunction-sections -fdata-sections -MMD -mmcu=atmega32u4 -DF_CPU=16000000L -DARDUINO_ARCH_AVR -DARDUINO_AVR_YUN -DUSB_VID=0x2341 -DUSB_PID=0x8041 "-DUSB_PRODUCT=\"Arduino Yun\"" -DARDUINO=10605 -DPLATFORMIO=020202 -I.pioenvs\arduino_yun\FrameworkArduino -I.pioenvs\arduino_yun\FrameworkArduinoVariant -I.pioenvs\arduino_yun\SD -I.pioenvs\arduino_yun\SD\utility -I.pioenvs\arduino_yun\SPI -I.pioenvs\arduino_yun\LiquidCrystal src\core.cpp
         
         avr-g++ -o .pioenvs\arduino_yun\src\output.o -c -fno-exceptions -fno-threadsafe-statics -g -Os -Wall -ffunction-sections -fdata-sections -MMD -mmcu=atmega32u4 -DF_CPU=16000000L -DARDUINO_ARCH_AVR -DARDUINO_AVR_YUN -DUSB_VID=0x2341 -DUSB_PID=0x8041 "-DUSB_PRODUCT=\"Arduino Yun\"" -DARDUINO=10605 -DPLATFORMIO=020202 -I.pioenvs\arduino_yun\FrameworkArduino -I.pioenvs\arduino_yun\FrameworkArduinoVariant -I.pioenvs\arduino_yun\SD -I.pioenvs\arduino_yun\SD\utility -I.pioenvs\arduino_yun\SPI -I.pioenvs\arduino_yun\LiquidCrystal src\output.cpp
         
         src\output.cpp:16:7: error: redefinition of 'class Output'
         
         class Output
         
         ^
         
         In file included from src\output.cpp:11:0:
         
         src\output.h:11:9: error: previous definition of 'class Output'
         
         class Output
         
         ^
         
         src\output.cpp:56:7: error: redefinition of 'class ch_Serial'
         
         class ch_Serial
         
         ^
         
         In file included from src\output.cpp:11:0:
         
         src\output.h:17:9: error: previous definition of 'class ch_Serial'
         
         class ch_Serial
         
         ^
         
         scons: *** [.pioenvs\arduino_yun\src\output.o] Error 1
         
          [ ERROR ] Took 4.42 seconds 
         
     1>C:\Program Files (x86)\MSBuild\Microsoft.Cpp\v4.0\V140\Microsoft.MakeFile.Targets(37,5): error MSB3073: The command "platformio --force run" exited with code 1.
     1>Done Building Project "C:\Users\wordm\Documents\GitHub\octoduino\platformio.vcxproj" (Build target(s)) -- FAILED.

Build FAILED.

Time Elapsed 00:08:42.01
